This file contains any messages produced by compilers while
running configure, to aid debugging if configure makes a mistake.

It was created by configure, which was
generated by GNU Autoconf 2.69.  Invocation command line was

  $ ./configure 

## --------- ##
## Platform. ##
## --------- ##

hostname = kmtp
uname -m = x86_64
uname -r = 5.3.0-42-generic
uname -s = Linux
uname -v = #34~18.04.1-Ubuntu SMP Fri Feb 28 13:42:26 UTC 2020

/usr/bin/uname -p = unknown
/bin/uname -X     = unknown

/bin/arch              = unknown
/usr/bin/arch -k       = unknown
/usr/convex/getsysinfo = unknown
/usr/bin/hostinfo      = unknown
/bin/machine           = unknown
/usr/bin/oslevel       = unknown
/bin/universe          = unknown

PATH: /home/maamari/Documents/Other/Anaconda/envs/sim/bin
PATH: /home/maamari/Documents/Other/Anaconda/condabin
PATH: /home/maamari/.local/bin
PATH: /usr/local/sbin
PATH: /usr/local/bin
PATH: /usr/sbin
PATH: /usr/bin
PATH: /sbin
PATH: /bin
PATH: /usr/games
PATH: /usr/local/games
PATH: /snap/bin


## ----------- ##
## Core tests. ##
## ----------- ##

configure:2538: checking for a BSD-compatible install
configure:2606: result: /usr/bin/install -c
configure:2617: checking whether build environment is sane
configure:2672: result: yes
configure:2823: checking for a thread-safe mkdir -p
configure:2862: result: /bin/mkdir -p
configure:2869: checking for gawk
configure:2899: result: no
configure:2869: checking for mawk
configure:2885: found /usr/bin/mawk
configure:2896: result: mawk
configure:2907: checking whether make sets $(MAKE)
configure:2929: result: yes
configure:2958: checking whether make supports nested variables
configure:2975: result: yes
configure:3089: checking build system type
configure:3103: result: x86_64-unknown-linux-gnu
configure:3123: checking host system type
configure:3136: result: x86_64-unknown-linux-gnu
configure:3177: checking how to print strings
configure:3204: result: printf
configure:3237: checking for style of include used by make
configure:3265: result: GNU
configure:3336: checking for gcc
configure:3352: found /usr/bin/gcc
configure:3363: result: gcc
configure:3592: checking for C compiler version
configure:3601: gcc --version >&5
gcc (Ubuntu 7.5.0-3ubuntu1~18.04) 7.5.0
Copyright (C) 2017 Free Software Foundation, Inc.
This is free software; see the source for copying conditions.  There is NO
warranty; not even for MERCHANTABILITY or FITNESS FOR A PARTICULAR PURPOSE.

configure:3612: $? = 0
configure:3601: gcc -v >&5
Using built-in specs.
COLLECT_GCC=gcc
COLLECT_LTO_WRAPPER=/usr/lib/gcc/x86_64-linux-gnu/7/lto-wrapper
OFFLOAD_TARGET_NAMES=nvptx-none
OFFLOAD_TARGET_DEFAULT=1
Target: x86_64-linux-gnu
Configured with: ../src/configure -v --with-pkgversion='Ubuntu 7.5.0-3ubuntu1~18.04' --with-bugurl=file:///usr/share/doc/gcc-7/README.Bugs --enable-languages=c,ada,c++,go,brig,d,fortran,objc,obj-c++ --prefix=/usr --with-gcc-major-version-only --program-suffix=-7 --program-prefix=x86_64-linux-gnu- --enable-shared --enable-linker-build-id --libexecdir=/usr/lib --without-included-gettext --enable-threads=posix --libdir=/usr/lib --enable-nls --enable-bootstrap --enable-clocale=gnu --enable-libstdcxx-debug --enable-libstdcxx-time=yes --with-default-libstdcxx-abi=new --enable-gnu-unique-object --disable-vtable-verify --enable-libmpx --enable-plugin --enable-default-pie --with-system-zlib --with-target-system-zlib --enable-objc-gc=auto --enable-multiarch --disable-werror --with-arch-32=i686 --with-abi=m64 --with-multilib-list=m32,m64,mx32 --enable-multilib --with-tune=generic --enable-offload-targets=nvptx-none --without-cuda-driver --enable-checking=release --build=x86_64-linux-gnu --host=x86_64-linux-gnu --target=x86_64-linux-gnu
Thread model: posix
gcc version 7.5.0 (Ubuntu 7.5.0-3ubuntu1~18.04) 
configure:3612: $? = 0
configure:3601: gcc -V >&5
gcc: error: unrecognized command line option '-V'
gcc: fatal error: no input files
compilation terminated.
configure:3612: $? = 1
configure:3601: gcc -qversion >&5
gcc: error: unrecognized command line option '-qversion'; did you mean '--version'?
gcc: fatal error: no input files
compilation terminated.
configure:3612: $? = 1
configure:3632: checking whether the C compiler works
configure:3654: gcc    conftest.c  >&5
configure:3658: $? = 0
configure:3706: result: yes
configure:3709: checking for C compiler default output file name
configure:3711: result: a.out
configure:3717: checking for suffix of executables
configure:3724: gcc -o conftest    conftest.c  >&5
configure:3728: $? = 0
configure:3750: result: 
configure:3772: checking whether we are cross compiling
configure:3780: gcc -o conftest    conftest.c  >&5
configure:3784: $? = 0
configure:3791: ./conftest
configure:3795: $? = 0
configure:3810: result: no
configure:3815: checking for suffix of object files
configure:3837: gcc -c   conftest.c >&5
configure:3841: $? = 0
configure:3862: result: o
configure:3866: checking whether we are using the GNU C compiler
configure:3885: gcc -c   conftest.c >&5
configure:3885: $? = 0
configure:3894: result: yes
configure:3903: checking whether gcc accepts -g
configure:3923: gcc -c -g  conftest.c >&5
configure:3923: $? = 0
configure:3964: result: yes
configure:3981: checking for gcc option to accept ISO C89
configure:4044: gcc  -c -g -O2  conftest.c >&5
configure:4044: $? = 0
configure:4057: result: none needed
configure:4079: checking dependency style of gcc
configure:4190: result: gcc3
configure:4205: checking for a sed that does not truncate output
configure:4269: result: /bin/sed
configure:4287: checking for grep that handles long lines and -e
configure:4345: result: /bin/grep
configure:4350: checking for egrep
configure:4412: result: /bin/grep -E
configure:4417: checking for fgrep
configure:4479: result: /bin/grep -F
configure:4514: checking for ld used by gcc
configure:4581: result: /usr/bin/ld
configure:4588: checking if the linker (/usr/bin/ld) is GNU ld
configure:4603: result: yes
configure:4615: checking for BSD- or MS-compatible name lister (nm)
configure:4664: result: /usr/bin/nm -B
configure:4794: checking the name lister (/usr/bin/nm -B) interface
configure:4801: gcc -c -g -O2  conftest.c >&5
configure:4804: /usr/bin/nm -B "conftest.o"
configure:4807: output
0000000000000000 B some_variable
configure:4814: result: BSD nm
configure:4817: checking whether ln -s works
configure:4821: result: yes
configure:4829: checking the maximum length of command line arguments
configure:4959: result: 1572864
configure:4976: checking whether the shell understands some XSI constructs
configure:4986: result: yes
configure:4990: checking whether the shell understands "+="
configure:4996: result: yes
configure:5031: checking how to convert x86_64-unknown-linux-gnu file names to x86_64-unknown-linux-gnu format
configure:5071: result: func_convert_file_noop
configure:5078: checking how to convert x86_64-unknown-linux-gnu file names to toolchain format
configure:5098: result: func_convert_file_noop
configure:5105: checking for /usr/bin/ld option to reload object files
configure:5112: result: -r
configure:5186: checking for objdump
configure:5202: found /usr/bin/objdump
configure:5213: result: objdump
configure:5245: checking how to recognize dependent libraries
configure:5447: result: pass_all
configure:5532: checking for dlltool
configure:5562: result: no
configure:5592: checking how to associate runtime and link libraries
configure:5619: result: printf %s\n
configure:5680: checking for ar
configure:5696: found /usr/bin/ar
configure:5707: result: ar
configure:5744: checking for archiver @FILE support
configure:5761: gcc -c -g -O2  conftest.c >&5
configure:5761: $? = 0
configure:5764: ar cru libconftest.a @conftest.lst >&5
ar: `u' modifier ignored since `D' is the default (see `U')
configure:5767: $? = 0
configure:5772: ar cru libconftest.a @conftest.lst >&5
ar: `u' modifier ignored since `D' is the default (see `U')
ar: conftest.o: No such file or directory
configure:5775: $? = 1
configure:5787: result: @
configure:5845: checking for strip
configure:5861: found /usr/bin/strip
configure:5872: result: strip
configure:5944: checking for ranlib
configure:5960: found /usr/bin/ranlib
configure:5971: result: ranlib
configure:6073: checking command to parse /usr/bin/nm -B output from gcc object
configure:6193: gcc -c -g -O2  conftest.c >&5
configure:6196: $? = 0
configure:6200: /usr/bin/nm -B conftest.o \| sed -n -e 's/^.*[ ]\([ABCDGIRSTW][ABCDGIRSTW]*\)[ ][ ]*\([_A-Za-z][_A-Za-z0-9]*\)$/\1 \2 \2/p' | sed '/ __gnu_lto/d' \> conftest.nm
configure:6203: $? = 0
configure:6269: gcc -o conftest -g -O2   conftest.c conftstm.o >&5
configure:6272: $? = 0
configure:6310: result: ok
configure:6347: checking for sysroot
configure:6377: result: no
configure:6454: gcc -c -g -O2  conftest.c >&5
configure:6457: $? = 0
configure:6633: checking for mt
configure:6649: found /bin/mt
configure:6660: result: mt
configure:6683: checking if mt is a manifest tool
configure:6689: mt '-?'
configure:6697: result: no
configure:7339: checking how to run the C preprocessor
configure:7370: gcc -E  conftest.c
configure:7370: $? = 0
configure:7384: gcc -E  conftest.c
conftest.c:11:10: fatal error: ac_nonexistent.h: No such file or directory
 #include <ac_nonexistent.h>
          ^~~~~~~~~~~~~~~~~~
compilation terminated.
configure:7384: $? = 1
configure: failed program was:
| /* confdefs.h */
| #define PACKAGE_NAME ""
| #define PACKAGE_TARNAME ""
| #define PACKAGE_VERSION ""
| #define PACKAGE_STRING ""
| #define PACKAGE_BUGREPORT ""
| #define PACKAGE_URL ""
| #define PACKAGE "gadgetviewer"
| #define VERSION "1.1.0"
| /* end confdefs.h.  */
| #include <ac_nonexistent.h>
configure:7409: result: gcc -E
configure:7429: gcc -E  conftest.c
configure:7429: $? = 0
configure:7443: gcc -E  conftest.c
conftest.c:11:10: fatal error: ac_nonexistent.h: No such file or directory
 #include <ac_nonexistent.h>
          ^~~~~~~~~~~~~~~~~~
compilation terminated.
configure:7443: $? = 1
configure: failed program was:
| /* confdefs.h */
| #define PACKAGE_NAME ""
| #define PACKAGE_TARNAME ""
| #define PACKAGE_VERSION ""
| #define PACKAGE_STRING ""
| #define PACKAGE_BUGREPORT ""
| #define PACKAGE_URL ""
| #define PACKAGE "gadgetviewer"
| #define VERSION "1.1.0"
| /* end confdefs.h.  */
| #include <ac_nonexistent.h>
configure:7472: checking for ANSI C header files
configure:7492: gcc -c -g -O2  conftest.c >&5
configure:7492: $? = 0
configure:7565: gcc -o conftest -g -O2   conftest.c  >&5
configure:7565: $? = 0
configure:7565: ./conftest
configure:7565: $? = 0
configure:7576: result: yes
configure:7589: checking for sys/types.h
configure:7589: gcc -c -g -O2  conftest.c >&5
configure:7589: $? = 0
configure:7589: result: yes
configure:7589: checking for sys/stat.h
configure:7589: gcc -c -g -O2  conftest.c >&5
configure:7589: $? = 0
configure:7589: result: yes
configure:7589: checking for stdlib.h
configure:7589: gcc -c -g -O2  conftest.c >&5
configure:7589: $? = 0
configure:7589: result: yes
configure:7589: checking for string.h
configure:7589: gcc -c -g -O2  conftest.c >&5
configure:7589: $? = 0
configure:7589: result: yes
configure:7589: checking for memory.h
configure:7589: gcc -c -g -O2  conftest.c >&5
configure:7589: $? = 0
configure:7589: result: yes
configure:7589: checking for strings.h
configure:7589: gcc -c -g -O2  conftest.c >&5
configure:7589: $? = 0
configure:7589: result: yes
configure:7589: checking for inttypes.h
configure:7589: gcc -c -g -O2  conftest.c >&5
configure:7589: $? = 0
configure:7589: result: yes
configure:7589: checking for stdint.h
configure:7589: gcc -c -g -O2  conftest.c >&5
configure:7589: $? = 0
configure:7589: result: yes
configure:7589: checking for unistd.h
configure:7589: gcc -c -g -O2  conftest.c >&5
configure:7589: $? = 0
configure:7589: result: yes
configure:7603: checking for dlfcn.h
configure:7603: gcc -c -g -O2  conftest.c >&5
configure:7603: $? = 0
configure:7603: result: yes
configure:7809: checking for objdir
configure:7824: result: .libs
configure:8095: checking if gcc supports -fno-rtti -fno-exceptions
configure:8113: gcc -c -g -O2  -fno-rtti -fno-exceptions conftest.c >&5
cc1: warning: command line option '-fno-rtti' is valid for C++/ObjC++ but not for C
configure:8117: $? = 0
configure:8130: result: no
configure:8457: checking for gcc option to produce PIC
configure:8464: result: -fPIC -DPIC
configure:8472: checking if gcc PIC flag -fPIC -DPIC works
configure:8490: gcc -c -g -O2  -fPIC -DPIC -DPIC conftest.c >&5
configure:8494: $? = 0
configure:8507: result: yes
configure:8536: checking if gcc static flag -static works
configure:8564: result: yes
configure:8579: checking if gcc supports -c -o file.o
configure:8600: gcc -c -g -O2  -o out/conftest2.o conftest.c >&5
configure:8604: $? = 0
configure:8626: result: yes
configure:8634: checking if gcc supports -c -o file.o
configure:8681: result: yes
configure:8714: checking whether the gcc linker (/usr/bin/ld -m elf_x86_64) supports shared libraries
configure:9867: result: yes
configure:9904: checking whether -lc should be explicitly linked in
configure:9912: gcc -c -g -O2  conftest.c >&5
configure:9915: $? = 0
configure:9930: gcc -shared  -fPIC -DPIC conftest.o  -v -Wl,-soname -Wl,conftest -o conftest 2\>\&1 \| /bin/grep  -lc  \>/dev/null 2\>\&1
configure:9933: $? = 0
configure:9947: result: no
configure:10107: checking dynamic linker characteristics
configure:10618: gcc -o conftest -g -O2   -Wl,-rpath -Wl,/foo conftest.c  >&5
configure:10618: $? = 0
configure:10844: result: GNU/Linux ld.so
configure:10951: checking how to hardcode library paths into programs
configure:10976: result: immediate
configure:11516: checking whether stripping libraries is possible
configure:11521: result: yes
configure:11556: checking if libtool supports shared libraries
configure:11558: result: yes
configure:11561: checking whether to build shared libraries
configure:11582: result: yes
configure:11585: checking whether to build static libraries
configure:11589: result: yes
configure:11629: checking whether make sets $(MAKE)
configure:11651: result: yes
configure:11709: checking for gcc
configure:11736: result: gcc
configure:11965: checking for C compiler version
configure:11974: gcc --version >&5
gcc (Ubuntu 7.5.0-3ubuntu1~18.04) 7.5.0
Copyright (C) 2017 Free Software Foundation, Inc.
This is free software; see the source for copying conditions.  There is NO
warranty; not even for MERCHANTABILITY or FITNESS FOR A PARTICULAR PURPOSE.

configure:11985: $? = 0
configure:11974: gcc -v >&5
Using built-in specs.
COLLECT_GCC=gcc
COLLECT_LTO_WRAPPER=/usr/lib/gcc/x86_64-linux-gnu/7/lto-wrapper
OFFLOAD_TARGET_NAMES=nvptx-none
OFFLOAD_TARGET_DEFAULT=1
Target: x86_64-linux-gnu
Configured with: ../src/configure -v --with-pkgversion='Ubuntu 7.5.0-3ubuntu1~18.04' --with-bugurl=file:///usr/share/doc/gcc-7/README.Bugs --enable-languages=c,ada,c++,go,brig,d,fortran,objc,obj-c++ --prefix=/usr --with-gcc-major-version-only --program-suffix=-7 --program-prefix=x86_64-linux-gnu- --enable-shared --enable-linker-build-id --libexecdir=/usr/lib --without-included-gettext --enable-threads=posix --libdir=/usr/lib --enable-nls --enable-bootstrap --enable-clocale=gnu --enable-libstdcxx-debug --enable-libstdcxx-time=yes --with-default-libstdcxx-abi=new --enable-gnu-unique-object --disable-vtable-verify --enable-libmpx --enable-plugin --enable-default-pie --with-system-zlib --with-target-system-zlib --enable-objc-gc=auto --enable-multiarch --disable-werror --with-arch-32=i686 --with-abi=m64 --with-multilib-list=m32,m64,mx32 --enable-multilib --with-tune=generic --enable-offload-targets=nvptx-none --without-cuda-driver --enable-checking=release --build=x86_64-linux-gnu --host=x86_64-linux-gnu --target=x86_64-linux-gnu
Thread model: posix
gcc version 7.5.0 (Ubuntu 7.5.0-3ubuntu1~18.04) 
configure:11985: $? = 0
configure:11974: gcc -V >&5
gcc: error: unrecognized command line option '-V'
gcc: fatal error: no input files
compilation terminated.
configure:11985: $? = 1
configure:11974: gcc -qversion >&5
gcc: error: unrecognized command line option '-qversion'; did you mean '--version'?
gcc: fatal error: no input files
compilation terminated.
configure:11985: $? = 1
configure:11989: checking whether we are using the GNU C compiler
configure:12017: result: yes
configure:12026: checking whether gcc accepts -g
configure:12087: result: yes
configure:12104: checking for gcc option to accept ISO C89
configure:12180: result: none needed
configure:12202: checking dependency style of gcc
configure:12313: result: gcc3
configure:12381: checking for gfortran
configure:12397: found /usr/bin/gfortran
configure:12408: result: gfortran
configure:12434: checking for Fortran compiler version
configure:12443: gfortran --version >&5
GNU Fortran (Ubuntu 7.5.0-3ubuntu1~18.04) 7.5.0
Copyright (C) 2017 Free Software Foundation, Inc.
This is free software; see the source for copying conditions.  There is NO
warranty; not even for MERCHANTABILITY or FITNESS FOR A PARTICULAR PURPOSE.

configure:12454: $? = 0
configure:12443: gfortran -v >&5
Using built-in specs.
COLLECT_GCC=gfortran
COLLECT_LTO_WRAPPER=/usr/lib/gcc/x86_64-linux-gnu/7/lto-wrapper
OFFLOAD_TARGET_NAMES=nvptx-none
OFFLOAD_TARGET_DEFAULT=1
Target: x86_64-linux-gnu
Configured with: ../src/configure -v --with-pkgversion='Ubuntu 7.5.0-3ubuntu1~18.04' --with-bugurl=file:///usr/share/doc/gcc-7/README.Bugs --enable-languages=c,ada,c++,go,brig,d,fortran,objc,obj-c++ --prefix=/usr --with-gcc-major-version-only --program-suffix=-7 --program-prefix=x86_64-linux-gnu- --enable-shared --enable-linker-build-id --libexecdir=/usr/lib --without-included-gettext --enable-threads=posix --libdir=/usr/lib --enable-nls --enable-bootstrap --enable-clocale=gnu --enable-libstdcxx-debug --enable-libstdcxx-time=yes --with-default-libstdcxx-abi=new --enable-gnu-unique-object --disable-vtable-verify --enable-libmpx --enable-plugin --enable-default-pie --with-system-zlib --with-target-system-zlib --enable-objc-gc=auto --enable-multiarch --disable-werror --with-arch-32=i686 --with-abi=m64 --with-multilib-list=m32,m64,mx32 --enable-multilib --with-tune=generic --enable-offload-targets=nvptx-none --without-cuda-driver --enable-checking=release --build=x86_64-linux-gnu --host=x86_64-linux-gnu --target=x86_64-linux-gnu
Thread model: posix
gcc version 7.5.0 (Ubuntu 7.5.0-3ubuntu1~18.04) 
configure:12454: $? = 0
configure:12443: gfortran -V >&5
gfortran: error: unrecognized command line option '-V'
gfortran: fatal error: no input files
compilation terminated.
configure:12454: $? = 1
configure:12443: gfortran -qversion >&5
gfortran: error: unrecognized command line option '-qversion'; did you mean '--version'?
gfortran: fatal error: no input files
compilation terminated.
configure:12454: $? = 1
configure:12463: checking whether we are using the GNU Fortran compiler
configure:12476: gfortran -c   conftest.F >&5
configure:12476: $? = 0
configure:12485: result: yes
configure:12491: checking whether gfortran accepts -g
configure:12502: gfortran -c -g  conftest.f >&5
configure:12502: $? = 0
configure:12510: result: yes
configure:12659: checking if libtool supports shared libraries
configure:12661: result: yes
configure:12664: checking whether to build shared libraries
configure:12684: result: yes
configure:12687: checking whether to build static libraries
configure:12691: result: yes
configure:12725: gfortran -c -g -O2  conftest.f >&5
configure:12728: $? = 0
configure:13175: checking for gfortran option to produce PIC
configure:13182: result: -fPIC
configure:13190: checking if gfortran PIC flag -fPIC works
configure:13208: gfortran -c -g -O2 -fPIC  conftest.f >&5
configure:13212: $? = 0
configure:13225: result: yes
configure:13248: checking if gfortran static flag -static works
configure:13276: result: yes
configure:13288: checking if gfortran supports -c -o file.o
configure:13309: gfortran -c -g -O2 -o out/conftest2.o  conftest.f >&5
configure:13313: $? = 0
configure:13335: result: yes
configure:13340: checking if gfortran supports -c -o file.o
configure:13387: result: yes
configure:13417: checking whether the gfortran linker (/usr/bin/ld -m elf_x86_64) supports shared libraries
configure:14520: result: yes
configure:14661: checking dynamic linker characteristics
configure:15326: result: GNU/Linux ld.so
configure:15379: checking how to hardcode library paths into programs
configure:15404: result: immediate
configure:15439: checking whether to enable maintainer-specific portions of Makefiles
configure:15448: result: yes
configure:15500: checking for a Python interpreter with version >= 2.0
configure:15517: python -c import sys # split strings by '.' and convert to numeric. Append some zeros # because we need at least 4 digits for the hex conversion. # map returns an iterator in Python 3.0 and a list in 2.x minver = list(map(int, '2.0'.split('.'))) + [0, 0, 0] minverhex = 0 # xrange is not present in Python 3.0 and range returns an iterator for i in list(range(0, 4)): minverhex = (minverhex << 8) + minver[i] sys.exit(sys.hexversion < minverhex)
configure:15520: $? = 0
configure:15526: result: python
configure:15534: checking for python
configure:15552: found /usr/bin/python
configure:15564: result: /usr/bin/python
configure:15582: checking for python version
configure:15589: result: 2.7
configure:15601: checking for python platform
configure:15608: result: linux2
configure:15634: checking for python script directory
configure:15669: result: ${prefix}/lib/python2.7/dist-packages
configure:15678: checking for python extension module directory
configure:15713: result: ${exec_prefix}/lib/python2.7/dist-packages
configure:15736: checking for ANSI C header files
configure:15840: result: yes
configure:15852: checking size of int
configure:15857: gcc -o conftest -g -O2   conftest.c  >&5
configure:15857: $? = 0
configure:15857: ./conftest
configure:15857: $? = 0
configure:15871: result: 4
configure:15885: checking size of long long
configure:15890: gcc -o conftest -g -O2   conftest.c  >&5
configure:15890: $? = 0
configure:15890: ./conftest
configure:15890: $? = 0
configure:15904: result: 8
configure:15918: checking size of void *
configure:15923: gcc -o conftest -g -O2   conftest.c  >&5
configure:15923: $? = 0
configure:15923: ./conftest
configure:15923: $? = 0
configure:15937: result: 8
configure:15951: checking size of double
configure:15956: gcc -o conftest -g -O2   conftest.c  >&5
configure:15956: $? = 0
configure:15956: ./conftest
configure:15956: $? = 0
configure:15970: result: 8
configure:15980: checking for fabs in -lm
configure:16005: gcc -o conftest -g -O2   conftest.c -lm   >&5
conftest.c:35:6: warning: conflicting types for built-in function 'fabs' [-Wbuiltin-declaration-mismatch]
 char fabs ();
      ^~~~
configure:16005: $? = 0
configure:16014: result: yes
configure:16027: checking whether byte ordering is bigendian
configure:16042: gcc -c -g -O2  conftest.c >&5
conftest.c:30:9: error: unknown type name 'not'
         not a universal capable compiler
         ^~~
conftest.c:30:15: error: expected '=', ',', ';', 'asm' or '__attribute__' before 'universal'
         not a universal capable compiler
               ^~~~~~~~~
conftest.c:30:15: error: unknown type name 'universal'
configure:16042: $? = 1
configure: failed program was:
| /* confdefs.h */
| #define PACKAGE_NAME ""
| #define PACKAGE_TARNAME ""
| #define PACKAGE_VERSION ""
| #define PACKAGE_STRING ""
| #define PACKAGE_BUGREPORT ""
| #define PACKAGE_URL ""
| #define PACKAGE "gadgetviewer"
| #define VERSION "1.1.0"
| #define STDC_HEADERS 1
| #define HAVE_SYS_TYPES_H 1
| #define HAVE_SYS_STAT_H 1
| #define HAVE_STDLIB_H 1
| #define HAVE_STRING_H 1
| #define HAVE_MEMORY_H 1
| #define HAVE_STRINGS_H 1
| #define HAVE_INTTYPES_H 1
| #define HAVE_STDINT_H 1
| #define HAVE_UNISTD_H 1
| #define HAVE_DLFCN_H 1
| #define LT_OBJDIR ".libs/"
| #define STDC_HEADERS 1
| #define SIZEOF_INT 4
| #define SIZEOF_LONG_LONG 8
| #define SIZEOF_VOID_P 8
| #define SIZEOF_DOUBLE 8
| #define HAVE_LIBM 1
| /* end confdefs.h.  */
| #ifndef __APPLE_CC__
| 	       not a universal capable compiler
| 	     #endif
| 	     typedef int dummy;
| 
configure:16087: gcc -c -g -O2  conftest.c >&5
configure:16087: $? = 0
configure:16105: gcc -c -g -O2  conftest.c >&5
conftest.c: In function 'main':
conftest.c:36:4: error: unknown type name 'not'; did you mean 'ino_t'?
    not big endian
    ^~~
    ino_t
conftest.c:36:12: error: expected '=', ',', ';', 'asm' or '__attribute__' before 'endian'
    not big endian
            ^~~~~~
configure:16105: $? = 1
configure: failed program was:
| /* confdefs.h */
| #define PACKAGE_NAME ""
| #define PACKAGE_TARNAME ""
| #define PACKAGE_VERSION ""
| #define PACKAGE_STRING ""
| #define PACKAGE_BUGREPORT ""
| #define PACKAGE_URL ""
| #define PACKAGE "gadgetviewer"
| #define VERSION "1.1.0"
| #define STDC_HEADERS 1
| #define HAVE_SYS_TYPES_H 1
| #define HAVE_SYS_STAT_H 1
| #define HAVE_STDLIB_H 1
| #define HAVE_STRING_H 1
| #define HAVE_MEMORY_H 1
| #define HAVE_STRINGS_H 1
| #define HAVE_INTTYPES_H 1
| #define HAVE_STDINT_H 1
| #define HAVE_UNISTD_H 1
| #define HAVE_DLFCN_H 1
| #define LT_OBJDIR ".libs/"
| #define STDC_HEADERS 1
| #define SIZEOF_INT 4
| #define SIZEOF_LONG_LONG 8
| #define SIZEOF_VOID_P 8
| #define SIZEOF_DOUBLE 8
| #define HAVE_LIBM 1
| /* end confdefs.h.  */
| #include <sys/types.h>
| 		#include <sys/param.h>
| 
| int
| main ()
| {
| #if BYTE_ORDER != BIG_ENDIAN
| 		 not big endian
| 		#endif
| 
|   ;
|   return 0;
| }
configure:16233: result: no
configure:16263: checking for inflate in -lz
configure:16288: gcc -o conftest -g -O2   conftest.c -lz  -lm  >&5
configure:16288: $? = 0
configure:16297: result: yes
configure:16359: checking for pkg-config
configure:16377: found /usr/bin/pkg-config
configure:16389: result: /usr/bin/pkg-config
configure:16414: checking pkg-config is at least version 0.9.0
configure:16417: result: yes
configure:16496: checking for pkg-config
configure:16526: result: /usr/bin/pkg-config
configure:16551: checking pkg-config is at least version 0.7
configure:16554: result: yes
configure:16565: checking for GTK+ - version >= 2.0.0
configure:16675: gcc -o conftest -g -O2 -pthread -I/usr/include/gtk-2.0 -I/usr/lib/x86_64-linux-gnu/gtk-2.0/include -I/usr/include/gio-unix-2.0/ -I/usr/include/cairo -I/usr/include/pango-1.0 -I/usr/include/atk-1.0 -I/usr/include/cairo -I/usr/include/pixman-1 -I/usr/include/gdk-pixbuf-2.0 -I/usr/include/libpng16 -I/usr/include/pango-1.0 -I/usr/include/harfbuzz -I/usr/include/pango-1.0 -I/usr/include/glib-2.0 -I/usr/lib/x86_64-linux-gnu/glib-2.0/include -I/usr/include/freetype2 -I/usr/include/libpng16 -I/usr/include/freetype2 -I/usr/include/libpng16   conftest.c -lgtk-x11-2.0 -lgdk-x11-2.0 -lpangocairo-1.0 -latk-1.0 -lcairo -lgdk_pixbuf-2.0 -lgio-2.0 -lpangoft2-1.0 -lpango-1.0 -lgobject-2.0 -lglib-2.0 -lfontconfig -lfreetype -lz -lm  >&5
configure:16675: $? = 0
configure:16675: ./conftest
configure:16675: $? = 0
configure:16689: result: yes (version 2.24.32)
configure:16793: checking for GLIB
configure:16801: $PKG_CONFIG --exists --print-errors "glib-2.0"
configure:16804: $? = 0
configure:16819: $PKG_CONFIG --exists --print-errors "glib-2.0"
configure:16822: $? = 0
configure:16858: result: yes
configure:16883: checking for g_main_loop_new in -lglib-2.0
configure:16908: gcc -o conftest -g -O2   -lglib-2.0 conftest.c -lglib-2.0  -lz -lm  >&5
configure:16908: $? = 0
configure:16917: result: yes
configure:17001: checking for LIBPNG
configure:17009: $PKG_CONFIG --exists --print-errors "libpng"
configure:17012: $? = 0
configure:17027: $PKG_CONFIG --exists --print-errors "libpng"
configure:17030: $? = 0
configure:17066: result: yes
configure:17091: checking for png_create_write_struct in -lpng
configure:17116: gcc -o conftest -g -O2   -lpng16 -lz conftest.c -lpng  -lz -lm  >&5
configure:17116: $? = 0
configure:17125: result: yes
configure:17209: checking for PLPLOT
configure:17217: $PKG_CONFIG --exists --print-errors "plplotd"
Package plplotd was not found in the pkg-config search path.
Perhaps you should add the directory containing `plplotd.pc'
to the PKG_CONFIG_PATH environment variable
No package 'plplotd' found
configure:17220: $? = 1
configure:17235: $PKG_CONFIG --exists --print-errors "plplotd"
Package plplotd was not found in the pkg-config search path.
Perhaps you should add the directory containing `plplotd.pc'
to the PKG_CONFIG_PATH environment variable
No package 'plplotd' found
configure:17238: $? = 1
No package 'plplotd' found
configure:17266: result: no
configure:17299: checking for c_plgver in -lplplotd
configure:17324: gcc -o conftest -g -O2    conftest.c -lplplotd  -lz -lm  >&5
/usr/bin/ld: cannot find -lplplotd
collect2: error: ld returned 1 exit status
configure:17324: $? = 1
configure: failed program was:
| /* confdefs.h */
| #define PACKAGE_NAME ""
| #define PACKAGE_TARNAME ""
| #define PACKAGE_VERSION ""
| #define PACKAGE_STRING ""
| #define PACKAGE_BUGREPORT ""
| #define PACKAGE_URL ""
| #define PACKAGE "gadgetviewer"
| #define VERSION "1.1.0"
| #define STDC_HEADERS 1
| #define HAVE_SYS_TYPES_H 1
| #define HAVE_SYS_STAT_H 1
| #define HAVE_STDLIB_H 1
| #define HAVE_STRING_H 1
| #define HAVE_MEMORY_H 1
| #define HAVE_STRINGS_H 1
| #define HAVE_INTTYPES_H 1
| #define HAVE_STDINT_H 1
| #define HAVE_UNISTD_H 1
| #define HAVE_DLFCN_H 1
| #define LT_OBJDIR ".libs/"
| #define STDC_HEADERS 1
| #define SIZEOF_INT 4
| #define SIZEOF_LONG_LONG 8
| #define SIZEOF_VOID_P 8
| #define SIZEOF_DOUBLE 8
| #define HAVE_LIBM 1
| #define HAVE_LIBZ 1
| #define HAVE_GLIB /**/
| #define HAVE_LIBPNG /**/
| /* end confdefs.h.  */
| 
| /* Override any GCC internal prototype to avoid an error.
|    Use char because int might match the return type of a GCC
|    builtin and then its argument prototype would still apply.  */
| #ifdef __cplusplus
| extern "C"
| #endif
| char c_plgver ();
| int
| main ()
| {
| return c_plgver ();
|   ;
|   return 0;
| }
configure:17333: result: no
configure:17417: checking for CAIRO
configure:17425: $PKG_CONFIG --exists --print-errors "cairo"
configure:17428: $? = 0
configure:17443: $PKG_CONFIG --exists --print-errors "cairo"
configure:17446: $? = 0
configure:17482: result: yes
configure:17507: checking for cairo_version_string in -lcairo
configure:17532: gcc -o conftest -g -O2   -lcairo conftest.c -lcairo  -lz -lm  >&5
configure:17532: $? = 0
configure:17541: result: yes
configure:17625: checking for HDF5
configure:17633: $PKG_CONFIG --exists --print-errors "hdf5"
configure:17636: $? = 0
configure:17651: $PKG_CONFIG --exists --print-errors "hdf5"
configure:17654: $? = 0
configure:17690: result: yes
configure:17715: checking for H5open in -lhdf5
configure:17740: gcc -o conftest -g -O2   -L/usr/lib/x86_64-linux-gnu/hdf5/serial -lhdf5 conftest.c -lhdf5  -lz -lm  >&5
configure:17740: $? = 0
configure:17749: result: yes
configure:17792: checking for g_key_file_new in -lglib-2.0
configure:17817: gcc -o conftest -g -O2   conftest.c -lglib-2.0  -lz -lm  >&5
configure:17817: $? = 0
configure:17826: result: yes
configure:17860: checking how to get verbose linking output from gfortran
configure:17870: gfortran -c -g -O2  conftest.f >&5
configure:17870: $? = 0
configure:17888: gfortran -o conftest -g -O2 -v conftest.f -lz -lm
Using built-in specs.
Target: x86_64-linux-gnu
Thread model: posix
gcc version 7.5.0 (Ubuntu 7.5.0-3ubuntu1~18.04) 
 /usr/lib/gcc/x86_64-linux-gnu/7/f951 conftest.f -ffixed-form -quiet -dumpbase conftest.f -mtune=generic -march=x86-64 -auxbase conftest -g -O2 -version -fintrinsic-modules-path /usr/lib/gcc/x86_64-linux-gnu/7/finclude -o /tmp/cc1FH7dz.s
GNU Fortran (Ubuntu 7.5.0-3ubuntu1~18.04) version 7.5.0 (x86_64-linux-gnu)
	compiled by GNU C version 7.5.0, GMP version 6.1.2, MPFR version 4.0.1, MPC version 1.1.0, isl version isl-0.19-GMP

GGC heuristics: --param ggc-min-expand=100 --param ggc-min-heapsize=131072
GNU Fortran2008 (Ubuntu 7.5.0-3ubuntu1~18.04) version 7.5.0 (x86_64-linux-gnu)
	compiled by GNU C version 7.5.0, GMP version 6.1.2, MPFR version 4.0.1, MPC version 1.1.0, isl version isl-0.19-GMP

GGC heuristics: --param ggc-min-expand=100 --param ggc-min-heapsize=131072
 as -v --64 -o /tmp/cckz6LHC.o /tmp/cc1FH7dz.s
GNU assembler version 2.30 (x86_64-linux-gnu) using BFD version (GNU Binutils for Ubuntu) 2.30
Reading specs from /usr/lib/gcc/x86_64-linux-gnu/7/libgfortran.spec
rename spec lib to liborig
 /usr/lib/gcc/x86_64-linux-gnu/7/collect2 -plugin /usr/lib/gcc/x86_64-linux-gnu/7/liblto_plugin.so -plugin-opt=/usr/lib/gcc/x86_64-linux-gnu/7/lto-wrapper -plugin-opt=-fresolution=/tmp/ccr9cacG.res -plugin-opt=-pass-through=-lgcc_s -plugin-opt=-pass-through=-lgcc -plugin-opt=-pass-through=-lquadmath -plugin-opt=-pass-through=-lm -plugin-opt=-pass-through=-lgcc_s -plugin-opt=-pass-through=-lgcc -plugin-opt=-pass-through=-lc -plugin-opt=-pass-through=-lgcc_s -plugin-opt=-pass-through=-lgcc --build-id --eh-frame-hdr -m elf_x86_64 --hash-style=gnu --as-needed -dynamic-linker /lib64/ld-linux-x86-64.so.2 -pie -z now -z relro -o conftest /usr/lib/gcc/x86_64-linux-gnu/7/../../../x86_64-linux-gnu/Scrt1.o /usr/lib/gcc/x86_64-linux-gnu/7/../../../x86_64-linux-gnu/crti.o /usr/lib/gcc/x86_64-linux-gnu/7/crtbeginS.o -L/usr/lib/gcc/x86_64-linux-gnu/7 -L/usr/lib/gcc/x86_64-linux-gnu/7/../../../x86_64-linux-gnu -L/usr/lib/gcc/x86_64-linux-gnu/7/../../../../lib -L/lib/x86_64-linux-gnu -L/lib/../lib -L/usr/lib/x86_64-linux-gnu -L/usr/lib/../lib -L/usr/lib/gcc/x86_64-linux-gnu/7/../../.. /tmp/cckz6LHC.o -lz -lgfortran -lm -lgfortran -lm -lgcc_s -lgcc -lquadmath -lm -lgcc_s -lgcc -lc -lgcc_s -lgcc /usr/lib/gcc/x86_64-linux-gnu/7/crtendS.o /usr/lib/gcc/x86_64-linux-gnu/7/../../../x86_64-linux-gnu/crtn.o
configure:17971: result: -v
configure:17973: checking for Fortran libraries of gfortran
configure:17996: gfortran -o conftest -g -O2 -v conftest.f -lz -lm
Using built-in specs.
Target: x86_64-linux-gnu
Thread model: posix
gcc version 7.5.0 (Ubuntu 7.5.0-3ubuntu1~18.04) 
 /usr/lib/gcc/x86_64-linux-gnu/7/f951 conftest.f -ffixed-form -quiet -dumpbase conftest.f -mtune=generic -march=x86-64 -auxbase conftest -g -O2 -version -fintrinsic-modules-path /usr/lib/gcc/x86_64-linux-gnu/7/finclude -o /tmp/ccgIgbKE.s
GNU Fortran (Ubuntu 7.5.0-3ubuntu1~18.04) version 7.5.0 (x86_64-linux-gnu)
	compiled by GNU C version 7.5.0, GMP version 6.1.2, MPFR version 4.0.1, MPC version 1.1.0, isl version isl-0.19-GMP

GGC heuristics: --param ggc-min-expand=100 --param ggc-min-heapsize=131072
GNU Fortran2008 (Ubuntu 7.5.0-3ubuntu1~18.04) version 7.5.0 (x86_64-linux-gnu)
	compiled by GNU C version 7.5.0, GMP version 6.1.2, MPFR version 4.0.1, MPC version 1.1.0, isl version isl-0.19-GMP

GGC heuristics: --param ggc-min-expand=100 --param ggc-min-heapsize=131072
 as -v --64 -o /tmp/cc42GElI.o /tmp/ccgIgbKE.s
GNU assembler version 2.30 (x86_64-linux-gnu) using BFD version (GNU Binutils for Ubuntu) 2.30
Reading specs from /usr/lib/gcc/x86_64-linux-gnu/7/libgfortran.spec
rename spec lib to liborig
 /usr/lib/gcc/x86_64-linux-gnu/7/collect2 -plugin /usr/lib/gcc/x86_64-linux-gnu/7/liblto_plugin.so -plugin-opt=/usr/lib/gcc/x86_64-linux-gnu/7/lto-wrapper -plugin-opt=-fresolution=/tmp/cc0WBKXL.res -plugin-opt=-pass-through=-lgcc_s -plugin-opt=-pass-through=-lgcc -plugin-opt=-pass-through=-lquadmath -plugin-opt=-pass-through=-lm -plugin-opt=-pass-through=-lgcc_s -plugin-opt=-pass-through=-lgcc -plugin-opt=-pass-through=-lc -plugin-opt=-pass-through=-lgcc_s -plugin-opt=-pass-through=-lgcc --build-id --eh-frame-hdr -m elf_x86_64 --hash-style=gnu --as-needed -dynamic-linker /lib64/ld-linux-x86-64.so.2 -pie -z now -z relro -o conftest /usr/lib/gcc/x86_64-linux-gnu/7/../../../x86_64-linux-gnu/Scrt1.o /usr/lib/gcc/x86_64-linux-gnu/7/../../../x86_64-linux-gnu/crti.o /usr/lib/gcc/x86_64-linux-gnu/7/crtbeginS.o -L/usr/lib/gcc/x86_64-linux-gnu/7 -L/usr/lib/gcc/x86_64-linux-gnu/7/../../../x86_64-linux-gnu -L/usr/lib/gcc/x86_64-linux-gnu/7/../../../../lib -L/lib/x86_64-linux-gnu -L/lib/../lib -L/usr/lib/x86_64-linux-gnu -L/usr/lib/../lib -L/usr/lib/gcc/x86_64-linux-gnu/7/../../.. /tmp/cc42GElI.o -lz -lgfortran -lm -lgfortran -lm -lgcc_s -lgcc -lquadmath -lm -lgcc_s -lgcc -lc -lgcc_s -lgcc /usr/lib/gcc/x86_64-linux-gnu/7/crtendS.o /usr/lib/gcc/x86_64-linux-gnu/7/../../../x86_64-linux-gnu/crtn.o
configure:18192: result:  -L/usr/lib/gcc/x86_64-linux-gnu/7 -L/usr/lib/gcc/x86_64-linux-gnu/7/../../../x86_64-linux-gnu -L/usr/lib/gcc/x86_64-linux-gnu/7/../../../../lib -L/lib/x86_64-linux-gnu -L/lib/../lib -L/usr/lib/x86_64-linux-gnu -L/usr/lib/../lib -L/usr/lib/gcc/x86_64-linux-gnu/7/../../.. -lz -lgfortran -lm -lquadmath
configure:18207: checking for dummy main to link with Fortran libraries
configure:18241: gcc -o conftest -g -O2   conftest.c -lz -lm   -L/usr/lib/gcc/x86_64-linux-gnu/7 -L/usr/lib/gcc/x86_64-linux-gnu/7/../../../x86_64-linux-gnu -L/usr/lib/gcc/x86_64-linux-gnu/7/../../../../lib -L/lib/x86_64-linux-gnu -L/lib/../lib -L/usr/lib/x86_64-linux-gnu -L/usr/lib/../lib -L/usr/lib/gcc/x86_64-linux-gnu/7/../../.. -lz -lgfortran -lm -lquadmath >&5
configure:18241: $? = 0
configure:18286: result: none
configure:18318: checking for Fortran name-mangling scheme
configure:18331: gfortran -c -g -O2  conftest.f >&5
configure:18331: $? = 0
configure:18372: gcc -o conftest -g -O2   conftest.c cfortran_test.o -lz -lm   -L/usr/lib/gcc/x86_64-linux-gnu/7 -L/usr/lib/gcc/x86_64-linux-gnu/7/../../../x86_64-linux-gnu -L/usr/lib/gcc/x86_64-linux-gnu/7/../../../../lib -L/lib/x86_64-linux-gnu -L/lib/../lib -L/usr/lib/x86_64-linux-gnu -L/usr/lib/../lib -L/usr/lib/gcc/x86_64-linux-gnu/7/../../.. -lz -lgfortran -lm -lquadmath >&5
/tmp/ccYpmCxP.o: In function `main':
/home/maamari/Documents/GitHub/Simulations/gadgetviewer-1.1.0/conftest.c:54: undefined reference to `foobar'
collect2: error: ld returned 1 exit status
configure:18372: $? = 1
configure: failed program was:
| /* confdefs.h */
| #define PACKAGE_NAME ""
| #define PACKAGE_TARNAME ""
| #define PACKAGE_VERSION ""
| #define PACKAGE_STRING ""
| #define PACKAGE_BUGREPORT ""
| #define PACKAGE_URL ""
| #define PACKAGE "gadgetviewer"
| #define VERSION "1.1.0"
| #define STDC_HEADERS 1
| #define HAVE_SYS_TYPES_H 1
| #define HAVE_SYS_STAT_H 1
| #define HAVE_STDLIB_H 1
| #define HAVE_STRING_H 1
| #define HAVE_MEMORY_H 1
| #define HAVE_STRINGS_H 1
| #define HAVE_INTTYPES_H 1
| #define HAVE_STDINT_H 1
| #define HAVE_UNISTD_H 1
| #define HAVE_DLFCN_H 1
| #define LT_OBJDIR ".libs/"
| #define STDC_HEADERS 1
| #define SIZEOF_INT 4
| #define SIZEOF_LONG_LONG 8
| #define SIZEOF_VOID_P 8
| #define SIZEOF_DOUBLE 8
| #define HAVE_LIBM 1
| #define HAVE_LIBZ 1
| #define HAVE_GLIB /**/
| #define HAVE_LIBPNG /**/
| #define HAVE_CAIRO /**/
| #define HAVE_HDF5 /**/
| #define HAVE_KEYFILE /**/
| /* end confdefs.h.  */
| 
| /* Override any GCC internal prototype to avoid an error.
|    Use char because int might match the return type of a GCC
|    builtin and then its argument prototype would still apply.  */
| #ifdef __cplusplus
| extern "C"
| #endif
| char foobar ();
| #ifdef FC_DUMMY_MAIN
| #ifndef FC_DUMMY_MAIN_EQ_F77
| #  ifdef __cplusplus
|      extern "C"
| #  endif
|    int FC_DUMMY_MAIN() { return 1; }
| #endif
| #endif
| int
| main ()
| {
| return foobar ();
|   ;
|   return 0;
| }
configure:18372: gcc -o conftest -g -O2   conftest.c cfortran_test.o -lz -lm   -L/usr/lib/gcc/x86_64-linux-gnu/7 -L/usr/lib/gcc/x86_64-linux-gnu/7/../../../x86_64-linux-gnu -L/usr/lib/gcc/x86_64-linux-gnu/7/../../../../lib -L/lib/x86_64-linux-gnu -L/lib/../lib -L/usr/lib/x86_64-linux-gnu -L/usr/lib/../lib -L/usr/lib/gcc/x86_64-linux-gnu/7/../../.. -lz -lgfortran -lm -lquadmath >&5
configure:18372: $? = 0
configure:18430: gcc -o conftest -g -O2   conftest.c cfortran_test.o -lz -lm   -L/usr/lib/gcc/x86_64-linux-gnu/7 -L/usr/lib/gcc/x86_64-linux-gnu/7/../../../x86_64-linux-gnu -L/usr/lib/gcc/x86_64-linux-gnu/7/../../../../lib -L/lib/x86_64-linux-gnu -L/lib/../lib -L/usr/lib/x86_64-linux-gnu -L/usr/lib/../lib -L/usr/lib/gcc/x86_64-linux-gnu/7/../../.. -lz -lgfortran -lm -lquadmath >&5
configure:18430: $? = 0
configure:18472: result: lower case, underscore, no extra underscore
configure:18540: checking for Fortran flag to compile .f90 files
configure:18560: gfortran -c -g -O2  conftest.f90 >&5
configure:18560: $? = 0
configure:18569: result: none
configure:18591: checking fortran 90 modules inclusion flag
configure:18618: gfortran -c -g -O2  conftest.f90 >&5
configure:18618: $? = 0
configure:18637: gfortran -c -g -O2 -I tmpdir_0  conftest.f90 >&5
configure:18637: $? = 0
configure:18655: result: -I 
configure:18659: checking fortran 90 modules extension
configure:18686: gfortran -c -g -O2  conftest.f90 >&5
configure:18686: $? = 0
configure:18708: result: mod
configure:18724: checking for gfortran option to support OpenMP
configure:18739: gfortran -o conftest -g -O2   conftest.f90 -lz -lm  >&5
conftest.f90:5:9:

       tid = 42
         1
Error: Symbol 'tid' at (1) has no IMPLICIT type
configure:18739: $? = 1
configure: failed program was:
| 
|       program main
|       implicit none
| !$    integer tid
|       tid = 42
|       call omp_set_num_threads(2)
|       end
| 
configure:18757: gfortran -o conftest -g -O2 -fopenmp   conftest.f90 -lz -lm  >&5
configure:18757: $? = 0
configure:18771: result: -fopenmp
configure:18797: checking whether Fortran compiler accepts -heap-arrays
configure:18810: gfortran -c -g -O2  -heap-arrays  conftest.f90 >&5
gfortran: error: unrecognized command line option '-h'
configure:18810: $? = 1
configure: failed program was:
|       program main
| 
|       end
configure:18818: result: no
configure:18841: checking whether Fortran compiler accepts -O3
configure:18854: gfortran -c -g -O2  -O3  conftest.f90 >&5
configure:18854: $? = 0
configure:18862: result: yes
configure:18871: checking whether Fortran compiler accepts -ip
configure:18884: gfortran -c -g -O2  -ip  conftest.f90 >&5
gfortran: error: unrecognized command line option '-ip'; did you mean '-p'?
configure:18884: $? = 1
configure: failed program was:
|       program main
| 
|       end
configure:18892: result: no
configure:18900: checking whether Fortran compiler accepts -no-prec-div
configure:18913: gfortran -c -g -O2  -no-prec-div  conftest.f90 >&5
gfortran: error: unrecognized command line option '-no-prec-div'; did you mean '-fno-tree-dce'?
configure:18913: $? = 1
configure: failed program was:
|       program main
| 
|       end
configure:18921: result: no
configure:18929: checking whether Fortran compiler accepts -fp-model fast=2
configure:18942: gfortran -c -g -O2  -fp-model fast=2  conftest.f90 >&5
gfortran: error: fast=2: No such file or directory
gfortran: error: unrecognized command line option '-fp-model'
configure:18942: $? = 1
configure: failed program was:
|       program main
| 
|       end
configure:18950: result: no
configure:19128: checking if we have Fortran 2003 command line functions
configure:19141: gfortran -o conftest -g -O2   conftest.f90 -lz -lm  >&5
configure:19141: $? = 0
configure:19142: result: yes
configure:19154: checking if we can use getarg() and iargc()
configure:19167: gfortran -o conftest -g -O2   conftest.f90 -lz -lm  >&5
configure:19167: $? = 0
configure:19168: result: yes
configure:19180: checking if we can use getarg() and iargc() if iargc is declared
configure:19194: gfortran -o conftest -g -O2   conftest.f90 -lz -lm  >&5
/tmp/ccmZq9js.o: In function `MAIN__':
/home/maamari/Documents/GitHub/Simulations/gadgetviewer-1.1.0/conftest.f90:7: undefined reference to `iargc_'
collect2: error: ld returned 1 exit status
configure:19194: $? = 1
configure: failed program was:
|       program main
| 
|   implicit none
|   integer :: i
|   integer, external :: iargc
|   character(len=500) :: str
|   i = iargc()
|   call getarg(1,str)
| 
|       end
configure:19201: result: no
configure:19212: checking if the shape() intrinsic has the optional kind parameter
configure:19224: gfortran -o conftest -g -O2   conftest.f90 -lz -lm  >&5
configure:19224: $? = 0
configure:19225: result: yes
configure:19478: checking that generated files are newer than configure
configure:19484: result: done
configure:19520: creating ./config.status

## ---------------------- ##
## Running config.status. ##
## ---------------------- ##

This file was extended by config.status, which was
generated by GNU Autoconf 2.69.  Invocation command line was

  CONFIG_FILES    = 
  CONFIG_HEADERS  = 
  CONFIG_LINKS    = 
  CONFIG_COMMANDS = 
  $ ./config.status 

on kmtp

config.status:1251: creating Makefile
config.status:1251: creating drawing/Makefile
config.status:1251: creating drawing/src/Makefile
config.status:1251: creating main/Makefile
config.status:1251: creating main/src/Makefile
config.status:1251: creating f90_gui/Makefile
config.status:1251: creating f90_gui/src/Makefile
config.status:1251: creating f90_util/Makefile
config.status:1251: creating f90_util/src/Makefile
config.status:1251: creating hdf5/Makefile
config.status:1251: creating hdf5/src/Makefile
config.status:1251: creating conf/Makefile
config.status:1251: creating read_eagle/Makefile
config.status:1251: creating read_eagle/src/Makefile
config.status:1251: creating doc/Makefile
config.status:1251: creating ./config.h
config.status:1485: executing depfiles commands
config.status:1485: executing libtool commands
configure:22095: result:
  Gadgetviewer v1.1.0 configuration
  --------------------------------------

  Compilers

    Fortran compiler: gfortran
    Fortran flags   : -fopenmp  -O3 -g -O2
    C compiler      : gcc
    C flags         : -g -O2

  Plotting library (only need one of these)

    PLPlot          : no
    Cairo           : yes

  Other libraries

    HDF5            : yes
    PNG             : yes

  Internal precision of particle data

    Positions                     : 4 bytes
    Velocities                    : 4 bytes
    Floating point properties     : 4 bytes
    Integer properties (e.g. IDs) : 8 bytes
    Particle array indexes        : 8 bytes



## ---------------- ##
## Cache variables. ##
## ---------------- ##

ac_cv_build=x86_64-unknown-linux-gnu
ac_cv_c_bigendian=no
ac_cv_c_compiler_gnu=yes
ac_cv_env_CAIRO_CFLAGS_set=
ac_cv_env_CAIRO_CFLAGS_value=
ac_cv_env_CAIRO_LIBS_set=
ac_cv_env_CAIRO_LIBS_value=
ac_cv_env_CC_set=
ac_cv_env_CC_value=
ac_cv_env_CFLAGS_set=
ac_cv_env_CFLAGS_value=
ac_cv_env_CPPFLAGS_set=
ac_cv_env_CPPFLAGS_value=
ac_cv_env_CPP_set=
ac_cv_env_CPP_value=
ac_cv_env_FCFLAGS_set=
ac_cv_env_FCFLAGS_value=
ac_cv_env_FC_set=
ac_cv_env_FC_value=
ac_cv_env_GLIB_CFLAGS_set=
ac_cv_env_GLIB_CFLAGS_value=
ac_cv_env_GLIB_LIBS_set=
ac_cv_env_GLIB_LIBS_value=
ac_cv_env_HDF5_CFLAGS_set=
ac_cv_env_HDF5_CFLAGS_value=
ac_cv_env_HDF5_LIBS_set=
ac_cv_env_HDF5_LIBS_value=
ac_cv_env_LDFLAGS_set=
ac_cv_env_LDFLAGS_value=
ac_cv_env_LIBPNG_CFLAGS_set=
ac_cv_env_LIBPNG_CFLAGS_value=
ac_cv_env_LIBPNG_LIBS_set=
ac_cv_env_LIBPNG_LIBS_value=
ac_cv_env_LIBS_set=
ac_cv_env_LIBS_value=
ac_cv_env_PKG_CONFIG_set=
ac_cv_env_PKG_CONFIG_value=
ac_cv_env_PLPLOT_CFLAGS_set=
ac_cv_env_PLPLOT_CFLAGS_value=
ac_cv_env_PLPLOT_LIBS_set=
ac_cv_env_PLPLOT_LIBS_value=
ac_cv_env_PYTHON_set=
ac_cv_env_PYTHON_value=
ac_cv_env_build_alias_set=
ac_cv_env_build_alias_value=
ac_cv_env_host_alias_set=
ac_cv_env_host_alias_value=
ac_cv_env_target_alias_set=
ac_cv_env_target_alias_value=
ac_cv_fc_compiler_gnu=yes
ac_cv_fc_dummy_main=none
ac_cv_fc_libs=' -L/usr/lib/gcc/x86_64-linux-gnu/7 -L/usr/lib/gcc/x86_64-linux-gnu/7/../../../x86_64-linux-gnu -L/usr/lib/gcc/x86_64-linux-gnu/7/../../../../lib -L/lib/x86_64-linux-gnu -L/lib/../lib -L/usr/lib/x86_64-linux-gnu -L/usr/lib/../lib -L/usr/lib/gcc/x86_64-linux-gnu/7/../../.. -lz -lgfortran -lm -lquadmath'
ac_cv_fc_mangling='lower case, underscore, no extra underscore'
ac_cv_fc_srcext_f90=none
ac_cv_fortran_dummy_main=none
ac_cv_header_dlfcn_h=yes
ac_cv_header_inttypes_h=yes
ac_cv_header_memory_h=yes
ac_cv_header_stdc=yes
ac_cv_header_stdint_h=yes
ac_cv_header_stdlib_h=yes
ac_cv_header_string_h=yes
ac_cv_header_strings_h=yes
ac_cv_header_sys_stat_h=yes
ac_cv_header_sys_types_h=yes
ac_cv_header_unistd_h=yes
ac_cv_host=x86_64-unknown-linux-gnu
ac_cv_lib_cairo_cairo_version_string=yes
ac_cv_lib_glib_2_0_g_key_file_new=yes
ac_cv_lib_glib_2_0_g_main_loop_new=yes
ac_cv_lib_hdf5_H5open=yes
ac_cv_lib_m_fabs=yes
ac_cv_lib_plplotd_c_plgver=no
ac_cv_lib_png_png_create_write_struct=yes
ac_cv_lib_z_inflate=yes
ac_cv_objext=o
ac_cv_path_EGREP='/bin/grep -E'
ac_cv_path_FGREP='/bin/grep -F'
ac_cv_path_GREP=/bin/grep
ac_cv_path_PYTHON=/usr/bin/python
ac_cv_path_SED=/bin/sed
ac_cv_path_ac_pt_PKG_CONFIG=/usr/bin/pkg-config
ac_cv_path_install='/usr/bin/install -c'
ac_cv_path_mkdir=/bin/mkdir
ac_cv_prog_AWK=mawk
ac_cv_prog_CPP='gcc -E'
ac_cv_prog_ac_ct_AR=ar
ac_cv_prog_ac_ct_CC=gcc
ac_cv_prog_ac_ct_FC=gfortran
ac_cv_prog_ac_ct_MANIFEST_TOOL=mt
ac_cv_prog_ac_ct_OBJDUMP=objdump
ac_cv_prog_ac_ct_RANLIB=ranlib
ac_cv_prog_ac_ct_STRIP=strip
ac_cv_prog_cc_c89=
ac_cv_prog_cc_g=yes
ac_cv_prog_fc_g=yes
ac_cv_prog_fc_openmp=-fopenmp
ac_cv_prog_fc_v=-v
ac_cv_prog_make_make_set=yes
ac_cv_sizeof_double=8
ac_cv_sizeof_int=4
ac_cv_sizeof_long_long=8
ac_cv_sizeof_void_p=8
am_cv_CC_dependencies_compiler_type=gcc3
am_cv_make_support_nested_variables=yes
am_cv_pathless_PYTHON=python
am_cv_python_platform=linux2
am_cv_python_pyexecdir='${exec_prefix}/lib/python2.7/dist-packages'
am_cv_python_pythondir='${prefix}/lib/python2.7/dist-packages'
am_cv_python_version=2.7
ax_cv_check_fcflags___O3=yes
ax_cv_check_fcflags___fp_model_fast_2=no
ax_cv_check_fcflags___heap_arrays=no
ax_cv_check_fcflags___ip=no
ax_cv_check_fcflags___no_prec_div=no
ax_cv_f90_modext=mod
ax_cv_f90_modflag='-I '
lt_cv_ar_at_file=@
lt_cv_archive_cmds_need_lc=no
lt_cv_deplibs_check_method=pass_all
lt_cv_file_magic_cmd='$MAGIC_CMD'
lt_cv_file_magic_test_file=
lt_cv_ld_reload_flag=-r
lt_cv_nm_interface='BSD nm'
lt_cv_objdir=.libs
lt_cv_path_LD=/usr/bin/ld
lt_cv_path_NM='/usr/bin/nm -B'
lt_cv_path_mainfest_tool=no
lt_cv_prog_compiler_c_o=yes
lt_cv_prog_compiler_c_o_FC=yes
lt_cv_prog_compiler_pic='-fPIC -DPIC'
lt_cv_prog_compiler_pic_FC=-fPIC
lt_cv_prog_compiler_pic_works=yes
lt_cv_prog_compiler_pic_works_FC=yes
lt_cv_prog_compiler_rtti_exceptions=no
lt_cv_prog_compiler_static_works=yes
lt_cv_prog_compiler_static_works_FC=yes
lt_cv_prog_gnu_ld=yes
lt_cv_sharedlib_from_linklib_cmd='printf %s\n'
lt_cv_shlibpath_overrides_runpath=yes
lt_cv_sys_global_symbol_pipe='sed -n -e '\''s/^.*[	 ]\([ABCDGIRSTW][ABCDGIRSTW]*\)[	 ][	 ]*\([_A-Za-z][_A-Za-z0-9]*\)$/\1 \2 \2/p'\'' | sed '\''/ __gnu_lto/d'\'''
lt_cv_sys_global_symbol_to_c_name_address='sed -n -e '\''s/^: \([^ ]*\)[ ]*$/  {\"\1\", (void *) 0},/p'\'' -e '\''s/^[ABCDGIRSTW]* \([^ ]*\) \([^ ]*\)$/  {"\2", (void *) \&\2},/p'\'''
lt_cv_sys_global_symbol_to_c_name_address_lib_prefix='sed -n -e '\''s/^: \([^ ]*\)[ ]*$/  {\"\1\", (void *) 0},/p'\'' -e '\''s/^[ABCDGIRSTW]* \([^ ]*\) \(lib[^ ]*\)$/  {"\2", (void *) \&\2},/p'\'' -e '\''s/^[ABCDGIRSTW]* \([^ ]*\) \([^ ]*\)$/  {"lib\2", (void *) \&\2},/p'\'''
lt_cv_sys_global_symbol_to_cdecl='sed -n -e '\''s/^T .* \(.*\)$/extern int \1();/p'\'' -e '\''s/^[ABCDGIRSTW]* .* \(.*\)$/extern char \1;/p'\'''
lt_cv_sys_max_cmd_len=1572864
lt_cv_to_host_file_cmd=func_convert_file_noop
lt_cv_to_tool_file_cmd=func_convert_file_noop
pkg_cv_CAIRO_CFLAGS='-I/usr/include/cairo -I/usr/include/glib-2.0 -I/usr/lib/x86_64-linux-gnu/glib-2.0/include -I/usr/include/pixman-1 -I/usr/include/freetype2 -I/usr/include/libpng16 -I/usr/include/freetype2 -I/usr/include/libpng16'
pkg_cv_CAIRO_LIBS=-lcairo
pkg_cv_GLIB_CFLAGS='-I/usr/include/glib-2.0 -I/usr/lib/x86_64-linux-gnu/glib-2.0/include'
pkg_cv_GLIB_LIBS=-lglib-2.0
pkg_cv_HDF5_CFLAGS=-I/usr/include/hdf5/serial
pkg_cv_HDF5_LIBS='-L/usr/lib/x86_64-linux-gnu/hdf5/serial -lhdf5'
pkg_cv_LIBPNG_CFLAGS=-I/usr/include/libpng16
pkg_cv_LIBPNG_LIBS='-lpng16 -lz'

## ----------------- ##
## Output variables. ##
## ----------------- ##

ACLOCAL='${SHELL} /home/maamari/Documents/GitHub/Simulations/gadgetviewer-1.1.0/conf/missing aclocal-1.13'
AMDEPBACKSLASH='\'
AMDEP_FALSE='#'
AMDEP_TRUE=''
AMTAR='$${TAR-tar}'
AM_BACKSLASH='\'
AM_DEFAULT_V='$(AM_DEFAULT_VERBOSITY)'
AM_DEFAULT_VERBOSITY='1'
AM_V='$(V)'
AR='ar'
AUTOCONF='${SHELL} /home/maamari/Documents/GitHub/Simulations/gadgetviewer-1.1.0/conf/missing autoconf'
AUTOHEADER='${SHELL} /home/maamari/Documents/GitHub/Simulations/gadgetviewer-1.1.0/conf/missing autoheader'
AUTOMAKE='${SHELL} /home/maamari/Documents/GitHub/Simulations/gadgetviewer-1.1.0/conf/missing automake-1.13'
AWK='mawk'
CAIRO_CFLAGS='-I/usr/include/cairo -I/usr/include/glib-2.0 -I/usr/lib/x86_64-linux-gnu/glib-2.0/include -I/usr/include/pixman-1 -I/usr/include/freetype2 -I/usr/include/libpng16 -I/usr/include/freetype2 -I/usr/include/libpng16'
CAIRO_LIBS='-lcairo'
CC='gcc'
CCDEPMODE='depmode=gcc3'
CFLAGS='-g -O2'
COND_HDF5_FALSE='#'
COND_HDF5_TRUE=''
CPP='gcc -E'
CPPFLAGS=''
CYGPATH_W='echo'
DEFS='-DHAVE_CONFIG_H'
DEPDIR='.deps'
DLLTOOL='false'
DSYMUTIL=''
DUMPBIN=''
ECHO_C=''
ECHO_N='-n'
ECHO_T=''
EGREP='/bin/grep -E'
EXEEXT=''
FC='gfortran'
FCFLAGS='-g -O2'
FCFLAGS_f90=''
FCLIBS=' -L/usr/lib/gcc/x86_64-linux-gnu/7 -L/usr/lib/gcc/x86_64-linux-gnu/7/../../../x86_64-linux-gnu -L/usr/lib/gcc/x86_64-linux-gnu/7/../../../../lib -L/lib/x86_64-linux-gnu -L/lib/../lib -L/usr/lib/x86_64-linux-gnu -L/usr/lib/../lib -L/usr/lib/gcc/x86_64-linux-gnu/7/../../.. -lz -lgfortran -lm -lquadmath'
FGREP='/bin/grep -F'
GLIB_CFLAGS='-I/usr/include/glib-2.0 -I/usr/lib/x86_64-linux-gnu/glib-2.0/include'
GLIB_LIBS='-lglib-2.0'
GREP='/bin/grep'
GTK_CFLAGS='-pthread -I/usr/include/gtk-2.0 -I/usr/lib/x86_64-linux-gnu/gtk-2.0/include -I/usr/include/gio-unix-2.0/ -I/usr/include/cairo -I/usr/include/pango-1.0 -I/usr/include/atk-1.0 -I/usr/include/cairo -I/usr/include/pixman-1 -I/usr/include/gdk-pixbuf-2.0 -I/usr/include/libpng16 -I/usr/include/pango-1.0 -I/usr/include/harfbuzz -I/usr/include/pango-1.0 -I/usr/include/glib-2.0 -I/usr/lib/x86_64-linux-gnu/glib-2.0/include -I/usr/include/freetype2 -I/usr/include/libpng16 -I/usr/include/freetype2 -I/usr/include/libpng16'
GTK_LIBS='-lgtk-x11-2.0 -lgdk-x11-2.0 -lpangocairo-1.0 -latk-1.0 -lcairo -lgdk_pixbuf-2.0 -lgio-2.0 -lpangoft2-1.0 -lpango-1.0 -lgobject-2.0 -lglib-2.0 -lfontconfig -lfreetype'
HDF5_CFLAGS='-I/usr/include/hdf5/serial'
HDF5_LIBS='-L/usr/lib/x86_64-linux-gnu/hdf5/serial -lhdf5'
INSTALL_DATA='${INSTALL} -m 644'
INSTALL_PROGRAM='${INSTALL}'
INSTALL_SCRIPT='${INSTALL}'
INSTALL_STRIP_PROGRAM='$(install_sh) -c -s'
LD='/usr/bin/ld -m elf_x86_64'
LDFLAGS=''
LIBOBJS=''
LIBPNG_CFLAGS='-I/usr/include/libpng16'
LIBPNG_LIBS='-lpng16 -lz'
LIBS='-lz -lm '
LIBTOOL='$(SHELL) $(top_builddir)/libtool'
LIPO=''
LN_S='ln -s'
LTLIBOBJS=''
MAINT=''
MAINTAINER_MODE_FALSE='#'
MAINTAINER_MODE_TRUE=''
MAKEINFO='${SHELL} /home/maamari/Documents/GitHub/Simulations/gadgetviewer-1.1.0/conf/missing makeinfo'
MANIFEST_TOOL=':'
MKDIR_P='/bin/mkdir -p'
NM='/usr/bin/nm -B'
NMEDIT=''
OBJDUMP='objdump'
OBJEXT='o'
OPENMP_FCFLAGS='-fopenmp'
OTOOL64=''
OTOOL=''
PACKAGE='gadgetviewer'
PACKAGE_BUGREPORT=''
PACKAGE_NAME=''
PACKAGE_STRING=''
PACKAGE_TARNAME=''
PACKAGE_URL=''
PACKAGE_VERSION=''
PATH_SEPARATOR=':'
PKG_CONFIG='/usr/bin/pkg-config'
PLPLOT_CFLAGS=''
PLPLOT_LIBS=''
PYTHON='/usr/bin/python'
PYTHON_EXEC_PREFIX='${exec_prefix}'
PYTHON_PLATFORM='linux2'
PYTHON_PREFIX='${prefix}'
PYTHON_VERSION='2.7'
RANLIB='ranlib'
SED='/bin/sed'
SET_MAKE=''
SHELL='/bin/bash'
STRIP='strip'
VERSION='1.1.0'
ac_ct_AR='ar'
ac_ct_CC='gcc'
ac_ct_DUMPBIN=''
ac_ct_FC='gfortran'
am__EXEEXT_FALSE=''
am__EXEEXT_TRUE='#'
am__fastdepCC_FALSE='#'
am__fastdepCC_TRUE=''
am__include='include'
am__isrc=''
am__leading_dot='.'
am__nodep='_no'
am__quote=''
am__tar='$${TAR-tar} chof - "$$tardir"'
am__untar='$${TAR-tar} xf -'
ax_cv_f90_modext='mod'
ax_cv_f90_modflag='-I '
bindir='${exec_prefix}/bin'
build='x86_64-unknown-linux-gnu'
build_alias=''
build_cpu='x86_64'
build_os='linux-gnu'
build_vendor='unknown'
datadir='${datarootdir}'
datarootdir='${prefix}/share'
docdir='${datarootdir}/doc/${PACKAGE}'
dvidir='${docdir}'
exec_prefix='${prefix}'
extra_fcflags=' -O3'
host='x86_64-unknown-linux-gnu'
host_alias=''
host_cpu='x86_64'
host_os='linux-gnu'
host_vendor='unknown'
htmldir='${docdir}'
includedir='${prefix}/include'
infodir='${datarootdir}/info'
install_sh='${SHELL} /home/maamari/Documents/GitHub/Simulations/gadgetviewer-1.1.0/conf/install-sh'
libdir='${exec_prefix}/lib'
libexecdir='${exec_prefix}/libexec'
localedir='${datarootdir}/locale'
localstatedir='${prefix}/var'
mandir='${datarootdir}/man'
mkdir_p='$(MKDIR_P)'
oldincludedir='/usr/include'
pdfdir='${docdir}'
pkgpyexecdir='${pyexecdir}/gadgetviewer'
pkgpythondir='${pythondir}/gadgetviewer'
prefix='/usr/local'
program_transform_name='s,x,x,'
psdir='${docdir}'
pyexecdir='${exec_prefix}/lib/python2.7/dist-packages'
pythondir='${prefix}/lib/python2.7/dist-packages'
sbindir='${exec_prefix}/sbin'
sharedstatedir='${prefix}/com'
sysconfdir='${prefix}/etc'
target_alias=''

## ------------------- ##
## File substitutions. ##
## ------------------- ##

ax_mod_deps_drawing='./mod-deps-drawing'
ax_mod_deps_f90_gui='./mod-deps-f90_gui'
ax_mod_deps_f90_util='./mod-deps-f90_util'
ax_mod_deps_hdf5='./mod-deps-hdf5'
ax_mod_deps_main='./mod-deps-main'
ax_mod_deps_read_eagle='./mod-deps-read_eagle'

## ----------- ##
## confdefs.h. ##
## ----------- ##

/* confdefs.h */
#define PACKAGE_NAME ""
#define PACKAGE_TARNAME ""
#define PACKAGE_VERSION ""
#define PACKAGE_STRING ""
#define PACKAGE_BUGREPORT ""
#define PACKAGE_URL ""
#define PACKAGE "gadgetviewer"
#define VERSION "1.1.0"
#define STDC_HEADERS 1
#define HAVE_SYS_TYPES_H 1
#define HAVE_SYS_STAT_H 1
#define HAVE_STDLIB_H 1
#define HAVE_STRING_H 1
#define HAVE_MEMORY_H 1
#define HAVE_STRINGS_H 1
#define HAVE_INTTYPES_H 1
#define HAVE_STDINT_H 1
#define HAVE_UNISTD_H 1
#define HAVE_DLFCN_H 1
#define LT_OBJDIR ".libs/"
#define STDC_HEADERS 1
#define SIZEOF_INT 4
#define SIZEOF_LONG_LONG 8
#define SIZEOF_VOID_P 8
#define SIZEOF_DOUBLE 8
#define HAVE_LIBM 1
#define HAVE_LIBZ 1
#define HAVE_GLIB /**/
#define HAVE_LIBPNG /**/
#define HAVE_CAIRO /**/
#define HAVE_HDF5 /**/
#define HAVE_KEYFILE /**/
#define FC_FUNC(name,NAME) name ## _
#define FC_FUNC_(name,NAME) name ## _
#define F2003_CMDLINE /**/
#define IARGC_CMDLINE /**/
#define SHAPE_HAS_KIND_PARAM /**/
#define POSKIND 4
#define VELKIND 4
#define RPROPKIND 4
#define IPROPKIND 8
#define INDEXKIND 8

configure: exit 0
